F:\PROJECT\SNAKE\DEBUG\SNAKE.EXE
F:\PROJECT\SNAKE\DEBUG\SNAKE.ILK
F:\PROJECT\SNAKE\DEBUG\SNAKE.PDB
F:\Project\snake\snake\Debug\cl.command.1.tlog
F:\Project\snake\snake\Debug\CL.read.1.tlog
F:\Project\snake\snake\Debug\CL.write.1.tlog
F:\Project\snake\snake\Debug\link.11384.read.1.tlog
F:\Project\snake\snake\Debug\link.11384.write.1.tlog
F:\Project\snake\snake\Debug\link.11384-cvtres.read.1.tlog
F:\Project\snake\snake\Debug\link.11384-cvtres.write.1.tlog
F:\Project\snake\snake\Debug\link.4296.read.1.tlog
F:\Project\snake\snake\Debug\link.4296.write.1.tlog
F:\Project\snake\snake\Debug\link.4296-cvtres.read.1.tlog
F:\Project\snake\snake\Debug\link.4296-cvtres.write.1.tlog
F:\Project\snake\snake\Debug\link.5024.read.1.tlog
F:\Project\snake\snake\Debug\link.5024.write.1.tlog
F:\Project\snake\snake\Debug\link.5024-cvtres.read.1.tlog
F:\Project\snake\snake\Debug\link.5024-cvtres.write.1.tlog
F:\Project\snake\snake\Debug\link.command.1.tlog
F:\Project\snake\snake\Debug\link.read.1.tlog
F:\Project\snake\snake\Debug\link.write.1.tlog
F:\Project\snake\snake\Debug\link-cvtres.read.1.tlog
F:\Project\snake\snake\Debug\link-cvtres.write.1.tlog
F:\Project\snake\snake\Debug\mt.command.1.tlog
F:\Project\snake\snake\Debug\mt.read.1.tlog
F:\Project\snake\snake\Debug\mt.write.1.tlog
F:\Project\snake\snake\Debug\rc.command.1.tlog
F:\Project\snake\snake\Debug\rc.read.1.tlog
F:\Project\snake\snake\Debug\rc.write.1.tlog
F:\PROJECT\SNAKE\SNAKE\DEBUG\SNAKE.EXE.EMBED.MANIFEST
F:\PROJECT\SNAKE\SNAKE\DEBUG\SNAKE.EXE.EMBED.MANIFEST.RES
F:\PROJECT\SNAKE\SNAKE\DEBUG\SNAKE.EXE.INTERMEDIATE.MANIFEST
F:\PROJECT\SNAKE\SNAKE\DEBUG\SNAKE.OBJ
F:\Project\snake\snake\Debug\snake.vcxprojResolveAssemblyReference.cache
F:\Project\snake\snake\Debug\snake.write.1.tlog
F:\Project\snake\snake\Debug\snake_manifest.rc
F:\Project\snake\snake\Debug\vc100.idb
F:\PROJECT\SNAKE\SNAKE\DEBUG\VC100.PDB
