Build started 04/06/2015 6:25:05 PM.
     1>Project "F:\Project\snake\snake\snake.vcxproj" on node 2 (build target(s)).
     1>InitializeBuildStatus:
         Creating "Debug\snake.unsuccessfulbuild" because "AlwaysCreate" was specified.
       ClCompile:
         c:\Program Files (x86)\Microsoft Visual Studio 10.0\VC\bin\CL.exe /c /ZI /nologo /W3 /WX- /Od /Oy- /D WIN32 /D _DEBUG /D _CONSOLE /D _UNICODE /D UNICODE /Gm /EHsc /RTC1 /MDd /GS /fp:precise /Zc:wchar_t /Zc:forScope /Fo"Debug\\" /Fd"Debug\vc100.pdb" /Gd /TP /analyze- /errorReport:prompt snake.cpp
         snake.cpp
     1>f:\project\snake\snake\snake.cpp(137): warning C4101: 'tmp_str' : unreferenced local variable
     1>f:\project\snake\snake\snake.cpp(215): warning C4101: 'tmp_str' : unreferenced local variable
     1>f:\project\snake\snake\snake.cpp(228): warning C4101: 'tmp_str' : unreferenced local variable
     1>f:\project\snake\snake\snake.cpp(239): warning C4101: 'tmp_str' : unreferenced local variable
     1>f:\project\snake\snake\snake.cpp(252): warning C4101: 'tmp_str' : unreferenced local variable
     1>f:\project\snake\snake\snake.cpp(328): warning C4996: 'sprintf': This function or variable may be unsafe. Consider using sprintf_s instead. To disable deprecation, use _CRT_SECURE_NO_WARNINGS. See online help for details.
                 c:\program files (x86)\microsoft visual studio 10.0\vc\include\stdio.h(371) : see declaration of 'sprintf'
     1>f:\project\snake\snake\snake.cpp(332): warning C4996: 'sprintf': This function or variable may be unsafe. Consider using sprintf_s instead. To disable deprecation, use _CRT_SECURE_NO_WARNINGS. See online help for details.
                 c:\program files (x86)\microsoft visual studio 10.0\vc\include\stdio.h(371) : see declaration of 'sprintf'
     1>f:\project\snake\snake\snake.cpp(461): warning C4996: 'sprintf': This function or variable may be unsafe. Consider using sprintf_s instead. To disable deprecation, use _CRT_SECURE_NO_WARNINGS. See online help for details.
                 c:\program files (x86)\microsoft visual studio 10.0\vc\include\stdio.h(371) : see declaration of 'sprintf'
     1>f:\project\snake\snake\snake.cpp(478): warning C4996: 'sprintf': This function or variable may be unsafe. Consider using sprintf_s instead. To disable deprecation, use _CRT_SECURE_NO_WARNINGS. See online help for details.
                 c:\program files (x86)\microsoft visual studio 10.0\vc\include\stdio.h(371) : see declaration of 'sprintf'
       ManifestResourceCompile:
         All outputs are up-to-date.
       Link:
         c:\Program Files (x86)\Microsoft Visual Studio 10.0\VC\bin\link.exe /ERRORREPORT:PROMPT /OUT:"F:\Project\snake\Debug\snake.exe" /INCREMENTAL /NOLOGO kernel32.lib user32.lib gdi32.lib winspool.lib comdlg32.lib advapi32.lib shell32.lib ole32.lib oleaut32.lib uuid.lib odbc32.lib odbccp32.lib /MANIFEST /ManifestFile:"Debug\snake.exe.intermediate.manifest" /MANIFESTUAC:"level='asInvoker' uiAccess='false'" /DEBUG /PDB:"F:\Project\snake\Debug\snake.pdb" /SUBSYSTEM:CONSOLE /TLBID:1 /DYNAMICBASE /NXCOMPAT /IMPLIB:"F:\Project\snake\Debug\snake.lib" /MACHINE:X86 Debug\snake.exe.embed.manifest.res
         Debug\snake.obj
       Manifest:
         C:\Program Files (x86)\Microsoft SDKs\Windows\v7.0A\bin\mt.exe /nologo /verbose /out:"Debug\snake.exe.embed.manifest" /manifest Debug\snake.exe.intermediate.manifest
         All outputs are up-to-date.
       LinkEmbedManifest:
         All outputs are up-to-date.
         snake.vcxproj -> F:\Project\snake\Debug\snake.exe
       FinalizeBuildStatus:
         Deleting file "Debug\snake.unsuccessfulbuild".
         Touching "Debug\snake.lastbuildstate".
     1>Done Building Project "F:\Project\snake\snake\snake.vcxproj" (build target(s)).

Build succeeded.

Time Elapsed 00:00:02.17
